Determining if the pthread_create exist failed with the following output:
Change Dir: /home/data_nfs/cache-oblivious-vs-adaptive/funnel-sort-STXXL/build/CMakeFiles/CMakeTmp

Run Build Command:/usr/bin/make "cmTryCompileExec3717653631/fast"
/usr/bin/make -f CMakeFiles/cmTryCompileExec3717653631.dir/build.make CMakeFiles/cmTryCompileExec3717653631.dir/build
make[1]: Entering directory `/home/data_nfs/cache-oblivious-vs-adaptive/funnel-sort-STXXL/build/CMakeFiles/CMakeTmp'
/usr/bin/cmake -E cmake_progress_report /home/data_nfs/cache-oblivious-vs-adaptive/funnel-sort-STXXL/build/CMakeFiles/CMakeTmp/CMakeFiles 1
Building C object CMakeFiles/cmTryCompileExec3717653631.dir/CheckSymbolExists.c.o
/usr/bin/cc    -o CMakeFiles/cmTryCompileExec3717653631.dir/CheckSymbolExists.c.o   -c /home/data_nfs/cache-oblivious-vs-adaptive/funnel-sort-STXXL/build/CMakeFiles/CMakeTmp/CheckSymbolExists.c
Linking C executable cmTryCompileExec3717653631
/usr/bin/cmake -E cmake_link_script CMakeFiles/cmTryCompileExec3717653631.dir/link.txt --verbose=1
/usr/bin/cc         CMakeFiles/cmTryCompileExec3717653631.dir/CheckSymbolExists.c.o  -o cmTryCompileExec3717653631 -rdynamic 
CMakeFiles/cmTryCompileExec3717653631.dir/CheckSymbolExists.c.o: In function `main':
CheckSymbolExists.c:(.text+0x16): undefined reference to `pthread_create'
collect2: error: ld returned 1 exit status
make[1]: Leaving directory `/home/data_nfs/cache-oblivious-vs-adaptive/funnel-sort-STXXL/build/CMakeFiles/CMakeTmp'
make[1]: *** [cmTryCompileExec3717653631] Error 1
make: *** [cmTryCompileExec3717653631/fast] Error 2

File /home/data_nfs/cache-oblivious-vs-adaptive/funnel-sort-STXXL/build/CMakeFiles/CMakeTmp/CheckSymbolExists.c:
/* */
#include <pthread.h>

int main(int argc, char** argv)
{
  (void)argv;
#ifndef pthread_create
  return ((int*)(&pthread_create))[argc];
#else
  (void)argc;
  return 0;
#endif
}

Determining if the function pthread_create exists in the pthreads failed with the following output:
Change Dir: /home/data_nfs/cache-oblivious-vs-adaptive/funnel-sort-STXXL/build/CMakeFiles/CMakeTmp

Run Build Command:/usr/bin/make "cmTryCompileExec2433073801/fast"
/usr/bin/make -f CMakeFiles/cmTryCompileExec2433073801.dir/build.make CMakeFiles/cmTryCompileExec2433073801.dir/build
make[1]: Entering directory `/home/data_nfs/cache-oblivious-vs-adaptive/funnel-sort-STXXL/build/CMakeFiles/CMakeTmp'
/usr/bin/cmake -E cmake_progress_report /home/data_nfs/cache-oblivious-vs-adaptive/funnel-sort-STXXL/build/CMakeFiles/CMakeTmp/CMakeFiles 1
Building C object CMakeFiles/cmTryCompileExec2433073801.dir/CheckFunctionExists.c.o
/usr/bin/cc   -DCHECK_FUNCTION_EXISTS=pthread_create   -o CMakeFiles/cmTryCompileExec2433073801.dir/CheckFunctionExists.c.o   -c /usr/share/cmake-2.8/Modules/CheckFunctionExists.c
Linking C executable cmTryCompileExec2433073801
/usr/bin/cmake -E cmake_link_script CMakeFiles/cmTryCompileExec2433073801.dir/link.txt --verbose=1
/usr/bin/cc     -DCHECK_FUNCTION_EXISTS=pthread_create    CMakeFiles/cmTryCompileExec2433073801.dir/CheckFunctionExists.c.o  -o cmTryCompileExec2433073801 -rdynamic -lpthreads 
/usr/bin/ld: cannot find -lpthreads
collect2: error: ld returned 1 exit status
make[1]: Leaving directory `/home/data_nfs/cache-oblivious-vs-adaptive/funnel-sort-STXXL/build/CMakeFiles/CMakeTmp'
make[1]: *** [cmTryCompileExec2433073801] Error 1
make: *** [cmTryCompileExec2433073801/fast] Error 2


